{
  "0 debug pnpm:scope": {
    "selected": 1
  },
  "1 error pnpm": {
    "shortMessage": "Command failed with exit code 1: C:\\Users\\ix523\\AppData\\Roaming\\npm\\pnpm.CMD add create-vite --global --global-dir C:\\Users\\ix523\\AppData\\Local\\Temp\\dlx-10868 --dir C:\\Users\\ix523\\AppData\\Local\\Temp\\dlx-10868",
    "command": "C:\\Users\\ix523\\AppData\\Roaming\\npm\\pnpm.CMD add create-vite --global --global-dir C:\\Users\\ix523\\AppData\\Local\\Temp\\dlx-10868 --dir C:\\Users\\ix523\\AppData\\Local\\Temp\\dlx-10868",
    "escapedCommand": "\"C:\\Users\\ix523\\AppData\\Roaming\\npm\\pnpm.CMD\" add create-vite --global --global-dir \"C:\\Users\\ix523\\AppData\\Local\\Temp\\dlx-10868\" --dir \"C:\\Users\\ix523\\AppData\\Local\\Temp\\dlx-10868\"",
    "exitCode": 1,
    "failed": true,
    "timedOut": false,
    "isCanceled": false,
    "killed": false,
    "err": {
      "name": "pnpm",
      "message": "Command failed with exit code 1: C:\\Users\\ix523\\AppData\\Roaming\\npm\\pnpm.CMD add create-vite --global --global-dir C:\\Users\\ix523\\AppData\\Local\\Temp\\dlx-10868 --dir C:\\Users\\ix523\\AppData\\Local\\Temp\\dlx-10868",
      "stack": "pnpm: Command failed with exit code 1: C:\\Users\\ix523\\AppData\\Roaming\\npm\\pnpm.CMD add create-vite --global --global-dir C:\\Users\\ix523\\AppData\\Local\\Temp\\dlx-10868 --dir C:\\Users\\ix523\\AppData\\Local\\Temp\\dlx-10868\n    at makeError (C:\\Users\\ix523\\AppData\\Roaming\\npm\\node_modules\\pnpm\\dist\\pnpm.cjs:42502:17)\n    at handlePromise (C:\\Users\\ix523\\AppData\\Roaming\\npm\\node_modules\\pnpm\\dist\\pnpm.cjs:43073:33)\n    at processTicksAndRejections (node:internal/process/task_queues:96:5)\n    at async Object.handler (C:\\Users\\ix523\\AppData\\Roaming\\npm\\node_modules\\pnpm\\dist\\pnpm.cjs:177479:7)\n    at async C:\\Users\\ix523\\AppData\\Roaming\\npm\\node_modules\\pnpm\\dist\\pnpm.cjs:182170:21\n    at async run (C:\\Users\\ix523\\AppData\\Roaming\\npm\\node_modules\\pnpm\\dist\\pnpm.cjs:182144:34)\n    at async runPnpm (C:\\Users\\ix523\\AppData\\Roaming\\npm\\node_modules\\pnpm\\dist\\pnpm.cjs:182363:5)\n    at async C:\\Users\\ix523\\AppData\\Roaming\\npm\\node_modules\\pnpm\\dist\\pnpm.cjs:182355:7"
    }
  }
}